Task Name: Mapping1
Agent Group Id: 025000000000002
Agent Group Name: Informatica Cloud Hosted Agent
Agent Id: 00800000000000N
03/28/2022 04:12:18 **** Importing Connection: Conn_01C0RY0B000000000002 ...
03/28/2022 04:12:18 **** Importing Source Definition: Phones ...
03/28/2022 04:12:18 **** Importing Target Definition: Budget_Phones ...
03/28/2022 04:12:18 **** Importing SessionConfig: default_session_config ...
    <Warning> :  The Error Log DB Connection value should have Relational: as the prefix.
    <Warning> :  Invalid value  for attribute Error Log DB Connection. Will use the default value 
    Validating Source Definition  Phones...
    Validating Target Definition  Budget_Phones...
03/28/2022 04:12:18 **** Importing Mapping: Mapping0 ...
    <Warning> :  transformation: Source - Invalid value  for attribute Output is repeatable. Will use the default value Never    [transformation< Source > ] 
Validating transformations of mapping Mapping0...
Validating mapping variable(s).
03/28/2022 04:12:18 **** Importing Workflow: wf_mtt_01C0RY0Z000000000002 ...
    <Warning> :  The value entered is not a valid integer.
    <Warning> :  Invalid value NO for attribute Fail task after wait time. Will use the default value 
Successfully extracted session instance [s_mtt_01C0RY0Z000000000002].  Starting repository sequence id is [-1827861919]
DIRECTOR> VAR_27085 [2022-03-28 04:12:18.923] Parameter file [/data2/home/cldagnt/SystemAgent/apps/Data_Integration_Server/data/01C0RY0E00000000005L/01C0RY/parameters/s_mtt_01C0RY0Z000000000002.param] is opened for [session [wf_mtt_01C0RY0Z000000000002.s_mtt_01C0RY0Z000000000002]].
DIRECTOR> VAR_27062 [2022-03-28 04:12:18.924] Warning! Cannot find section for worklet [wf_mtt_01C0RY0Z000000000002] and folder [] in parameter file [/data2/home/cldagnt/SystemAgent/apps/Data_Integration_Server/data/01C0RY0E00000000005L/01C0RY/parameters/s_mtt_01C0RY0Z000000000002.param].
DIRECTOR> TM_6014 [2022-03-28 04:12:18.924] Initializing session [s_mtt_01C0RY0Z000000000002] at [Mon Mar 28 04:12:18 2022].
DIRECTOR> TM_6683 [2022-03-28 04:12:18.924] Repository Name: [XMLRepository]
DIRECTOR> TM_6684 [2022-03-28 04:12:18.924] Server Name: [rDTM]
DIRECTOR> TM_6686 [2022-03-28 04:12:18.924] Folder: []
DIRECTOR> TM_6685 [2022-03-28 04:12:18.924] Workflow: [wf_mtt_01C0RY0Z000000000002] Run Instance Name: [] Run Id: [0]
DIRECTOR> TM_6992 [2022-03-28 04:12:18.924] Opearting System Type [Linux]
DIRECTOR> TM_6101 [2022-03-28 04:12:18.924] Mapping name: Mapping0.
DIRECTOR> TM_6964 [2022-03-28 04:12:18.924] Date format for the Session is [MM/DD/YYYY HH24:MI:SS.US]
DIRECTOR> TM_6703 [2022-03-28 04:12:18.925] Session [s_mtt_01C0RY0Z000000000002] is run by 64-bit Integration Service  [], version [10.2.0 HotFix2], build [0320].
MANAGER> PETL_24091 [2022-03-28 04:12:18.934] Thread [MANAGER] has the ID [1].
MANAGER> PETL_24058 [2022-03-28 04:12:18.934] Running Partition Group [1].
MANAGER> PETL_24000 [2022-03-28 04:12:18.935] Parallel Pipeline Engine initializing.
MONITOR> PETL_24091 [2022-03-28 04:12:18.935] Thread [MONITOR] has the ID [2].
MANAGER> PETL_24001 [2022-03-28 04:12:18.935] Parallel Pipeline Engine running.
MANAGER> PETL_24003 [2022-03-28 04:12:18.935] Initializing session run.
MAPPING> PETL_24091 [2022-03-28 04:12:18.936] Thread [MAPPING] has the ID [3].
MAPPING> CMN_1569 [2022-03-28 04:12:18.938] Server Mode: [UNICODE]
MAPPING> CMN_1570 [2022-03-28 04:12:18.938] Server Code page: [ISO 8859-1 Western European]
MAPPING> TM_6151 [2022-03-28 04:12:18.938] The session sort order is [Binary].
MAPPING> TM_6185 [2022-03-28 04:12:18.938] Warning. Code page validation is disabled in this session.
MAPPING> CMN_65109 [2022-03-28 04:12:18.938] Current Timezone:[UTC +0:0]
MAPPING> CMN_65111 [2022-03-28 04:12:18.938] Current Process ID:[23528]
MAPPING> TM_6155 [2022-03-28 04:12:18.938] Using HIGH precision processing.
MAPPING> TM_6180 [2022-03-28 04:12:18.938] Deadlock retry logic will not be implemented.
MAPPING> TM_6187 [2022-03-28 04:12:18.938] Session target-based commit interval is [10000].
MAPPING> TM_6307 [2022-03-28 04:12:18.938] DTM error log disabled. 
MAPPING> TE_7022 [2022-03-28 04:12:18.938] TShmWriter: Initialized
MAPPING> TM_6007 [2022-03-28 04:12:18.940] DTM initialized successfully for session [s_mtt_01C0RY0Z000000000002]
DIRECTOR> PETL_24033 [2022-03-28 04:12:18.962] All DTM Connection Info: [<NONE>].
MANAGER> PETL_24004 [2022-03-28 04:12:18.962] Starting pre-session tasks. : (Mon Mar 28 04:12:18 2022)
PRE-SESS> PETL_24091 [2022-03-28 04:12:18.963] Thread [PRE-SESS] has the ID [4].
MANAGER> PETL_24027 [2022-03-28 04:12:18.964] Pre-session task completed successfully. : (Mon Mar 28 04:12:18 2022)
DIRECTOR> PETL_24006 [2022-03-28 04:12:18.964] Starting data movement.
MAPPING> TM_6660 [2022-03-28 04:12:18.964] Total Buffer Pool size is 11280640 bytes and Block size is 624480 bytes.
READER_1_1_1> PETL_24091 [2022-03-28 04:12:18.965] Thread [READER_1_1_1] has the ID [5].
READER_1_1_1> DBG_21438 [2022-03-28 04:12:18.966] Reader: Source is [odbc://dbtype=MySQL;host=remotemysql.com;port=3306;database=wOoJkjpNhU], Type [ODBC], User [wOoJkjpNhU]
READER_1_1_1> BLKR_16051 [2022-03-28 04:12:18.968] Source database connection [Conn_01C0RY0B000000000002] code page: [UTF-8 encoding of Unicode]
READER_1_1_1> CMN_1021 [2022-03-28 04:12:18.968] Database driver event...
CMN_1021 [Driver Manager used is [UnixODBC 2.3.4].]

READER_1_1_1> CMN_1021 [2022-03-28 04:12:20.270] Database driver event...
CMN_1021 [ODBC Event Using array fetches.
ODBC Event Using Single Row Inserts. connect string = [Driver=MySQL ODBC 8.0 Unicode Driver;Server=remotemysql.com;Database=wOoJkjpNhU;Port=3306;USER=wOoJkjpNhU;NO_SSPS=1;stmt=set time_zone = '+00:00';Charset=UTF8;OPTION=3;SSLMODE=DISABLED]. userid = [wOoJkjpNhU]
ODBC Version:	03.52
.
DBMS Name:	MySQL
.
DBMS Version:	8.0.13-4
.
Driver Name:	libmyodbc8w.so
.
Driver Version:	08.00.0012
.
Driver ODBC Version:	03.80
.
MySQL rewrite batch optimization is disabled with maximum bind parameter size set to 2500.]

READER_1_1_1> BLKR_16003 [2022-03-28 04:12:20.270] Initialization completed successfully.
TRANSF_1_1_1> PETL_24091 [2022-03-28 04:12:20.270] Thread [TRANSF_1_1_1] has the ID [6].
WRITER_1_*_1> PETL_24091 [2022-03-28 04:12:20.271] Thread [WRITER_1_*_1] has the ID [7].
WRITER_1_*_1> WRT_8147 [2022-03-28 04:12:20.271] Writer: Target is Database [odbc://dbtype=MySQL;host=remotemysql.com;port=3306;database=wOoJkjpNhU], Type [ODBC], User [wOoJkjpNhU], Bulk Mode [OFF]
WRITER_1_*_1> CMN_1021 [2022-03-28 04:12:20.272] Database driver event...
CMN_1021 [Driver Manager used is [UnixODBC 2.3.4].]

WRITER_1_*_1> CMN_1021 [2022-03-28 04:12:21.641] Database driver event...
CMN_1021 [ODBC Event Using array fetches.
ODBC Event Using Single Row Inserts. connect string = [Driver=MySQL ODBC 8.0 Unicode Driver;Server=remotemysql.com;Database=wOoJkjpNhU;Port=3306;USER=wOoJkjpNhU;NO_SSPS=1;stmt=set time_zone = '+00:00';Charset=UTF8;OPTION=3;SSLMODE=DISABLED]. userid = [wOoJkjpNhU]
ODBC Version:	03.52
.
DBMS Name:	MySQL
.
DBMS Version:	8.0.13-4
.
Driver Name:	libmyodbc8w.so
.
Driver Version:	08.00.0012
.
Driver ODBC Version:	03.80
.
MySQL rewrite batch optimization is disabled with maximum bind parameter size set to 2500.]

WRITER_1_*_1> WRT_8221 [2022-03-28 04:12:21.945] Target database connection [Conn_01C0RY0B000000000002] code page: [UTF-8 encoding of Unicode]
WRITER_1_*_1> WRT_8124 [2022-03-28 04:12:21.946] Target Table Budget_Phones :SQL INSERT statement:
INSERT INTO wOoJkjpNhU.Budget_Phones(Prod_ID,Prod_Name,Prod_Desc,Prod_Price)  VALUES ( ?, ?, ?, ?) 
WRITER_1_*_1> WRT_8020 [2022-03-28 04:12:21.946] No column marked as primary key for table [Budget_Phones]. UPDATEs Not Supported.
WRITER_1_*_1> WRT_8270 [2022-03-28 04:12:21.946] Target connection group #1 consists of target(s) [Budget_Phones]
WRITER_1_*_1> WRT_8003 [2022-03-28 04:12:21.946] Writer initialization complete.
WRITER_1_*_1> WRT_8005 [2022-03-28 04:12:21.947] Writer run started.
READER_1_1_1> BLKR_16007 [2022-03-28 04:12:21.947] Reader run started.
WRITER_1_*_1> WRT_8158 [2022-03-28 04:12:21.947] 

*****START LOAD SESSION*****

Load Start Time: Mon Mar 28 04:12:21 2022

Target tables:

     Budget_Phones


READER_1_1_1> RR_4010 [2022-03-28 04:12:21.947] SQ instance [Source] SQL Query [SELECT wOoJkjpNhU.Phones.Prod_ID, wOoJkjpNhU.Phones.Prod_Name, wOoJkjpNhU.Phones.Prod_Desc, wOoJkjpNhU.Phones.Prod_Price FROM wOoJkjpNhU.Phones]
READER_1_1_1> RR_4049 [2022-03-28 04:12:21.947] SQL Query issued to database : (Mon Mar 28 04:12:21 2022)
READER_1_1_1> RR_4050 [2022-03-28 04:12:22.093] First row returned from database to reader : (Mon Mar 28 04:12:22 2022)
READER_1_1_1> BLKR_16019 [2022-03-28 04:12:22.094] Read [100] rows, read [0] error rows for source table [Phones] instance name [Phones]
READER_1_1_1> BLKR_16008 [2022-03-28 04:12:22.094] Reader run completed.
TRANSF_1_1_1> DBG_21216 [2022-03-28 04:12:22.094] Finished transformations for Source Qualifier [Source]. Total errors [0] 
WRITER_1_*_1> WRT_8167 [2022-03-28 04:12:22.094] Start loading table [Budget_Phones] at: Mon Mar 28 04:12:21 2022
WRITER_1_*_1> WRT_8168 [2022-03-28 04:12:23.462] End loading table [Budget_Phones] at: Mon Mar 28 04:12:22 2022
WRITER_1_*_1> WRT_8141 [2022-03-28 04:12:23.615] 
Commit on end-of-data  Mon Mar 28 04:12:22 2022
===================================================

WRT_8036 Target: Budget_Phones (Instance Name: [Budget_Phones])
WRT_8038 Inserted rows - Requested: 9          Applied: 9          Rejected: 0          Affected: 9         

WRITER_1_*_1> WRT_8035 [2022-03-28 04:12:23.615] Load complete time: Mon Mar 28 04:12:22 2022

LOAD SUMMARY
============

WRT_8036 Target: Budget_Phones (Instance Name: [Budget_Phones])
WRT_8038 Inserted rows - Requested: 9          Applied: 9          Rejected: 0          Affected: 9         


WRITER_1_*_1> WRT_8043 [2022-03-28 04:12:23.615] *****END LOAD SESSION*****
WRITER_1_*_1> WRT_8006 [2022-03-28 04:12:23.770] Writer run completed.
MANAGER> PETL_24031 [2022-03-28 04:12:23.771] 
***** RUN INFO FOR TGT LOAD ORDER GROUP [1], CONCURRENT SET [1] *****
Thread [READER_1_1_1] created for [the read stage] of partition point [Source] has completed. The total run time was insufficient for any meaningful statistics.
Thread [TRANSF_1_1_1] created for [the transformation stage] of partition point [Source] has completed. The total run time was insufficient for any meaningful statistics.
Thread [WRITER_1_*_1] created for [the write stage] of partition point [Budget_Phones] has completed.
	Total Run Time = [1.675966] secs
	Total Idle Time = [0.000000] secs
	Busy Percentage = [100.000000]

MANAGER> PETL_24005 [2022-03-28 04:12:23.771] Starting post-session tasks. : (Mon Mar 28 04:12:23 2022)
POST-SESS> PETL_24091 [2022-03-28 04:12:23.772] Thread [POST-SESS] has the ID [8].
MANAGER> PETL_24029 [2022-03-28 04:12:23.772] Post-session task completed successfully. : (Mon Mar 28 04:12:23 2022)
MAPPING> TM_6018 [2022-03-28 04:12:23.772] The session completed with [0] row transformation errors. 
MANAGER> PETL_24002 [2022-03-28 04:12:23.943] Parallel Pipeline Engine finished.
DIRECTOR> PETL_24012 [2022-03-28 04:12:23.943] Session run completed successfully.
DIRECTOR> TM_6022 [2022-03-28 04:12:23.943] 

SESSION LOAD SUMMARY
================================================

DIRECTOR> TM_6252 [2022-03-28 04:12:23.943] Source Load Summary.
DIRECTOR> CMN_1740 [2022-03-28 04:12:23.943] Table: [Source] (Instance Name: [Source] Instance UI Name: [])
	 Output Rows [100], Affected Rows [100], Applied Rows [100], Rejected Rows [0]
DIRECTOR> TM_6253 [2022-03-28 04:12:23.943] Target Load Summary.
DIRECTOR> CMN_1740 [2022-03-28 04:12:23.943] Table: [Budget_Phones] (Instance Name: [Budget_Phones] Instance UI Name: [])
	 Output Rows [9], Affected Rows [9], Applied Rows [9], Rejected Rows [0]
DIRECTOR> TM_6023 [2022-03-28 04:12:23.943] 
===================================================

DIRECTOR> TM_6020 [2022-03-28 04:12:23.943] Session [s_mtt_01C0RY0Z000000000002] completed at [Mon Mar 28 04:12:23 2022].
